Using pre-set license
Built from '2020.3/staging' branch; Version is '2020.3.29f1 (2ff179115da0) revision 3142009'; Using compiler version '192528614'; Build Type 'Release'
OS: 'Windows 10  (10.0.19042) 64bit CoreCountrySpecific' Language: 'zh' Physical Memory: 15742 MB
BatchMode: 1, IsHumanControllingUs: 0, StartBugReporterOnCrash: 0, Is64bit: 1, IsPro: 0

COMMAND LINE ARGUMENTS:
D:\Unity\2020.3.29f1\Editor\Unity.exe
-adb2
-batchMode
-noUpm
-name
AssetImportWorker0
-projectPath
D:/文档/学习用/Alternate Realities/Gamble/Life is an Gamble
-logFile
Logs/AssetImportWorker0.log
-srvPort
63410
Successfully changed project path to: D:/文档/学习用/Alternate Realities/Gamble/Life is an Gamble
D:/文档/学习用/Alternate Realities/Gamble/Life is an Gamble
Using Asset Import Pipeline V2.
Refreshing native plugins compatible for Editor in 33.53 ms, found 2 plugins.
Preloading 0 native plugins for Editor in 0.00 ms.
Initialize engine version: 2020.3.29f1 (2ff179115da0)
[Subsystems] Discovering subsystems at path D:/Unity/2020.3.29f1/Editor/Data/Resources/UnitySubsystems
[Subsystems] Discovering subsystems at path D:/文档/学习用/Alternate Realities/Gamble/Life is an Gamble/Assets
GfxDevice: creating device client; threaded=0
Direct3D:
    Version:  Direct3D 11.0 [level 11.1]
    Renderer: NVIDIA GeForce RTX 2060 with Max-Q Design (ID=0x1f12)
    Vendor:   
    VRAM:     5980 MB
    Driver:   30.0.14.7219
Initialize mono
Mono path[0] = 'D:/Unity/2020.3.29f1/Editor/Data/Managed'
Mono path[1] = 'D:/Unity/2020.3.29f1/Editor/Data/MonoBleedingEdge/lib/mono/unityjit'
Mono config path = 'D:/Unity/2020.3.29f1/Editor/Data/MonoBleedingEdge/etc'
Using monoOptions --debugger-agent=transport=dt_socket,embedding=1,server=y,suspend=n,address=127.0.0.1:56024
Begin MonoManager ReloadAssembly
Registering precompiled unity dll's ...
Register platform support module: D:/Unity/2020.3.29f1/Editor/Data/PlaybackEngines/MacStandaloneSupport/UnityEditor.OSXStandalone.Extensions.dll
Register platform support module: D:/Unity/2020.3.29f1/Editor/Data/PlaybackEngines/WindowsStandaloneSupport/UnityEditor.WindowsStandalone.Extensions.dll
Registered in 0.002872 seconds.
Native extension for WindowsStandalone target not found
Native extension for OSXStandalone target not found
Refreshing native plugins compatible for Editor in 33.30 ms, found 2 plugins.
Preloading 0 native plugins for Editor in 0.00 ms.
Mono: successfully reloaded assembly
- Completed reload, in  0.635 seconds
Domain Reload Profiling:
	ReloadAssembly (635ms)
		BeginReloadAssembly (86ms)
			ExecutionOrderSort (0ms)
			DisableScriptedObjects (0ms)
			BackupInstance (0ms)
			ReleaseScriptingObjects (0ms)
			CreateAndSetChildDomain (1ms)
		EndReloadAssembly (464ms)
			LoadAssemblies (85ms)
			RebuildTransferFunctionScriptingTraits (0ms)
			SetupTypeCache (155ms)
			ReleaseScriptCaches (0ms)
			RebuildScriptCaches (38ms)
			SetupLoadedEditorAssemblies (161ms)
				LogAssemblyErrors (0ms)
				InitializePlatformSupportModulesInManaged (5ms)
				SetLoadedEditorAssemblies (0ms)
				RefreshPlugins (33ms)
				BeforeProcessingInitializeOnLoad (18ms)
				ProcessInitializeOnLoadAttributes (77ms)
				ProcessInitializeOnLoadMethodAttributes (27ms)
				AfterProcessingInitializeOnLoad (0ms)
				EditorAssembliesLoaded (0ms)
			ExecutionOrderSort2 (0ms)
			AwakeInstancesAfterBackupRestoration (0ms)
Platform modules already initialized, skipping
Registering precompiled user dll's ...
Registered in 0.003679 seconds.
Begin MonoManager ReloadAssembly
Native extension for WindowsStandalone target not found
Native extension for OSXStandalone target not found
Refreshing native plugins compatible for Editor in 0.33 ms, found 2 plugins.
Preloading 0 native plugins for Editor in 0.00 ms.
Mono: successfully reloaded assembly
- Completed reload, in  1.051 seconds
Domain Reload Profiling:
	ReloadAssembly (1052ms)
		BeginReloadAssembly (176ms)
			ExecutionOrderSort (0ms)
			DisableScriptedObjects (4ms)
			BackupInstance (0ms)
			ReleaseScriptingObjects (0ms)
			CreateAndSetChildDomain (19ms)
		EndReloadAssembly (819ms)
			LoadAssemblies (117ms)
			RebuildTransferFunctionScriptingTraits (0ms)
			SetupTypeCache (282ms)
			ReleaseScriptCaches (0ms)
			RebuildScriptCaches (43ms)
			SetupLoadedEditorAssemblies (317ms)
				LogAssemblyErrors (0ms)
				InitializePlatformSupportModulesInManaged (5ms)
				SetLoadedEditorAssemblies (0ms)
				RefreshPlugins (0ms)
				BeforeProcessingInitializeOnLoad (88ms)
				ProcessInitializeOnLoadAttributes (207ms)
				ProcessInitializeOnLoadMethodAttributes (9ms)
				AfterProcessingInitializeOnLoad (7ms)
				EditorAssembliesLoaded (0ms)
			ExecutionOrderSort2 (0ms)
			AwakeInstancesAfterBackupRestoration (7ms)
Platform modules already initialized, skipping
========================================================================
Worker process is ready to serve import requests
Launched and connected shader compiler UnityShaderCompiler.exe after 0.10 seconds
Refreshing native plugins compatible for Editor in 0.58 ms, found 2 plugins.
Preloading 0 native plugins for Editor in 0.00 ms.
Unloading 1504 Unused Serialized files (Serialized files now loaded: 0)
System memory in use before: 67.5 MB.
System memory in use after: 67.5 MB.

Unloading 16 unused Assets to reduce memory usage. Loaded Objects now: 1939.
Total: 3.022500 ms (FindLiveObjects: 0.208000 ms CreateObjectMapping: 0.042000 ms MarkObjects: 2.686200 ms  DeleteObjects: 0.084600 ms)

AssetImportParameters requested are different than current active one (requested -> active):
  custom:framework-win-MediaFoundation: 216162199b28c13a410421893ffa2e32 -> 
  custom:video-decoder-ogg-theora: a1e56fd34408186e4bbccfd4996cb3dc -> 
  custom:container-muxer-webm: aa71ff27fc2769a1b78a27578f13a17b -> 
  custom:container-demuxer-webm: 4f35f7cbe854078d1ac9338744f61a02 -> 
  custom:container-demuxer-ogg: 62fdf1f143b41e24485cea50d1cbac27 -> 
  custom:video-encoder-webm-vp8: eb34c28f22e8b96e1ab97ce403110664 -> 
  custom:video-codec-MediaFoundation-h265: 746d11721c4dcdbdad8f713fa42b33f4 -> 
  custom:video-decoder-webm-vp8: 9c59270c3fd7afecdb556c50c9e8de78 -> 
  custom:audio-decoder-ogg-vorbis: bf7c407c2cedff20999df2af8eb42d56 -> 
  custom:audio-encoder-webm-vorbis: bf7c407c2cedff20999df2af8eb42d56 -> 
========================================================================
Received Import Request.
  path: Assets/_Barking_Dog/3D Free Modular Kit/Camera Profile.asset
  artifactKey: Guid(66fe30987fca4e747985c93aa3738821) Importer(815301076,1909f56bfc062723c751e8b465ee728b)
Start importing Assets/_Barking_Dog/3D Free Modular Kit/Camera Profile.asset using Guid(66fe30987fca4e747985c93aa3738821) Importer(815301076,1909f56bfc062723c751e8b465ee728b)  -> (artifact id: '0dce8c956872e4e5c2bcbd4a472ed5a8') in 0.057620 seconds 
  Import took 0.060979 seconds .

========================================================================
Received Import Request.
  Time since last request: 0.000402 seconds.
  path: Assets/_Barking_Dog/3D Free Modular Kit
  artifactKey: Guid(993c1992e51804d43aada52f1ac82a20) Importer(815301076,1909f56bfc062723c751e8b465ee728b)
Start importing Assets/_Barking_Dog/3D Free Modular Kit using Guid(993c1992e51804d43aada52f1ac82a20) Importer(815301076,1909f56bfc062723c751e8b465ee728b)  -> (artifact id: 'ce437dc5d3f477f7ac3f90593eef70ec') in 0.004084 seconds 
  Import took 0.006841 seconds .

========================================================================
Received Import Request.
  Time since last request: 6.763769 seconds.
  path: Assets/_Barking_Dog/3D Free Modular Kit/_Meshes
  artifactKey: Guid(ca377711be8374ee891a8e22e6e6bdc4) Importer(815301076,1909f56bfc062723c751e8b465ee728b)
Start importing Assets/_Barking_Dog/3D Free Modular Kit/_Meshes using Guid(ca377711be8374ee891a8e22e6e6bdc4) Importer(815301076,1909f56bfc062723c751e8b465ee728b)  -> (artifact id: '21ba1cd8a70783bbe0acc5c1f3315361') in 0.003895 seconds 
  Import took 0.008207 seconds .

========================================================================
Received Import Request.
  Time since last request: 2.149520 seconds.
  path: Assets/_Barking_Dog/3D Free Modular Kit/Test_Map.unity
  artifactKey: Guid(7b533dfe561bc47c8975c955fe4ef3d3) Importer(815301076,1909f56bfc062723c751e8b465ee728b)
Start importing Assets/_Barking_Dog/3D Free Modular Kit/Test_Map.unity using Guid(7b533dfe561bc47c8975c955fe4ef3d3) Importer(815301076,1909f56bfc062723c751e8b465ee728b)  -> (artifact id: 'ce85684e80aaab9f9b1b58969f2a2ef8') in 0.010625 seconds 
  Import took 0.013849 seconds .

========================================================================
Received Import Request.
  Time since last request: 1.888267 seconds.
  path: Assets/_Barking_Dog/3D Free Modular Kit/Test_MapSettings.lighting
  artifactKey: Guid(ddf236bbeb29dbe40887a7052a257909) Importer(815301076,1909f56bfc062723c751e8b465ee728b)
Start importing Assets/_Barking_Dog/3D Free Modular Kit/Test_MapSettings.lighting using Guid(ddf236bbeb29dbe40887a7052a257909) Importer(815301076,1909f56bfc062723c751e8b465ee728b) LightingSettings: switching bake backend from 1 to 0.
 -> (artifact id: 'b7ad19beb0b5438a15e7c09dc2f58525') in 0.007716 seconds 
  Import took 0.010303 seconds .

========================================================================
Received Import Request.
  Time since last request: 2.655748 seconds.
  path: Assets/_Barking_Dog/3D Free Modular Kit/_Prefabs
  artifactKey: Guid(d1f1e35ed5fd842f7b91e200e0e5fe56) Importer(815301076,1909f56bfc062723c751e8b465ee728b)
Start importing Assets/_Barking_Dog/3D Free Modular Kit/_Prefabs using Guid(d1f1e35ed5fd842f7b91e200e0e5fe56) Importer(815301076,1909f56bfc062723c751e8b465ee728b)  -> (artifact id: '6fe9445489fe823e01eeeb0dec2bcecb') in 0.004245 seconds 
  Import took 0.013791 seconds .

========================================================================
Received Import Request.
  Time since last request: 0.954972 seconds.
  path: Assets/_Barking_Dog/3D Free Modular Kit/_Textures
  artifactKey: Guid(644ce21a301224457b5cab0d7e57b83a) Importer(815301076,1909f56bfc062723c751e8b465ee728b)
Start importing Assets/_Barking_Dog/3D Free Modular Kit/_Textures using Guid(644ce21a301224457b5cab0d7e57b83a) Importer(815301076,1909f56bfc062723c751e8b465ee728b)  -> (artifact id: 'c2c109eee2b07fe85288e6dbb0cfd24f') in 0.004701 seconds 
  Import took 0.006984 seconds .

========================================================================
Received Import Request.
  Time since last request: 0.064354 seconds.
  path: Assets/_Barking_Dog/3D Free Modular Kit/_Textures/Ambient_01.png
  artifactKey: Guid(0155e7c553ce645b9a03c0441f234ed4) Importer(815301076,1909f56bfc062723c751e8b465ee728b)
Start importing Assets/_Barking_Dog/3D Free Modular Kit/_Textures/Ambient_01.png using Guid(0155e7c553ce645b9a03c0441f234ed4) Importer(815301076,1909f56bfc062723c751e8b465ee728b)  -> (artifact id: '1f5c366f22181cef17f90a13cfd3478d') in 0.053964 seconds 
  Import took 0.057673 seconds .

========================================================================
Received Import Request.
  Time since last request: 0.000418 seconds.
  path: Assets/_Barking_Dog/3D Free Modular Kit/_Textures/Normal_01.png
  artifactKey: Guid(5e704b54cc0cc4015add600ce739fb2f) Importer(815301076,1909f56bfc062723c751e8b465ee728b)
Start importing Assets/_Barking_Dog/3D Free Modular Kit/_Textures/Normal_01.png using Guid(5e704b54cc0cc4015add600ce739fb2f) Importer(815301076,1909f56bfc062723c751e8b465ee728b)  -> (artifact id: '9bdbba98d6707ad0ec6aa1090eb0085d') in 0.040761 seconds 
  Import took 0.043361 seconds .

========================================================================
Received Import Request.
  Time since last request: 0.000333 seconds.
  path: Assets/_Barking_Dog/3D Free Modular Kit/_Textures/Metal_01.tif
  artifactKey: Guid(1d3de45b986d240139bd085299915265) Importer(815301076,1909f56bfc062723c751e8b465ee728b)
Start importing Assets/_Barking_Dog/3D Free Modular Kit/_Textures/Metal_01.tif using Guid(1d3de45b986d240139bd085299915265) Importer(815301076,1909f56bfc062723c751e8b465ee728b)  -> (artifact id: '872d3d584170c87c6b4b0a7221cfc057') in 0.022506 seconds 
  Import took 0.025077 seconds .

========================================================================
Received Import Request.
  Time since last request: 0.000427 seconds.
  path: Assets/_Barking_Dog/3D Free Modular Kit/_Textures/Neon.png
  artifactKey: Guid(b5c9448ddba954bc0afcc5c19cf42525) Importer(815301076,1909f56bfc062723c751e8b465ee728b)
Start importing Assets/_Barking_Dog/3D Free Modular Kit/_Textures/Neon.png using Guid(b5c9448ddba954bc0afcc5c19cf42525) Importer(815301076,1909f56bfc062723c751e8b465ee728b)  -> (artifact id: '06832320425218c69b2da0b3745a86ca') in 0.012059 seconds 
  Import took 0.014613 seconds .

========================================================================
Received Import Request.
  Time since last request: 0.000427 seconds.
  path: Assets/_Barking_Dog/3D Free Modular Kit/_Textures/Diffuse_01.png
  artifactKey: Guid(b2c54144d5fbb4a14b95d5e2ec07dbf7) Importer(815301076,1909f56bfc062723c751e8b465ee728b)
Start importing Assets/_Barking_Dog/3D Free Modular Kit/_Textures/Diffuse_01.png using Guid(b2c54144d5fbb4a14b95d5e2ec07dbf7) Importer(815301076,1909f56bfc062723c751e8b465ee728b)  -> (artifact id: '17c2faa9a2009cf9b14e4dec36d46edb') in 0.012510 seconds 
  Import took 0.015485 seconds .

========================================================================
Received Import Request.
  Time since last request: 2.289816 seconds.
  path: Assets/_Barking_Dog
  artifactKey: Guid(e8995c51225ab8241818a61b6f8ed512) Importer(815301076,1909f56bfc062723c751e8b465ee728b)
Start importing Assets/_Barking_Dog using Guid(e8995c51225ab8241818a61b6f8ed512) Importer(815301076,1909f56bfc062723c751e8b465ee728b)  -> (artifact id: '44ee87fb1c2ad604739cb662eccb562b') in 0.005013 seconds 
  Import took 0.009259 seconds .

========================================================================
Received Import Request.
  Time since last request: 4.490484 seconds.
  path: Assets/_Barking_Dog/3D Free Modular Kit/Test_Map
  artifactKey: Guid(8cbdae5869318ab4ca4b26a1384441ee) Importer(815301076,1909f56bfc062723c751e8b465ee728b)
Start importing Assets/_Barking_Dog/3D Free Modular Kit/Test_Map using Guid(8cbdae5869318ab4ca4b26a1384441ee) Importer(815301076,1909f56bfc062723c751e8b465ee728b)  -> (artifact id: '7e3fa49f93a0fbad366bdd536aca2cec') in 0.004132 seconds 
  Import took 0.008050 seconds .

========================================================================
Received Import Request.
  Time since last request: 0.021565 seconds.
  path: Assets/_Barking_Dog/3D Free Modular Kit/Test_Map/LightingData.asset
  artifactKey: Guid(5ccf681a5a6a0d34ba50f7346e31858c) Importer(815301076,1909f56bfc062723c751e8b465ee728b)
Start importing Assets/_Barking_Dog/3D Free Modular Kit/Test_Map/LightingData.asset using Guid(5ccf681a5a6a0d34ba50f7346e31858c) Importer(815301076,1909f56bfc062723c751e8b465ee728b)  -> (artifact id: 'a78407d83ab68c918d5fdc3868df110b') in 0.034110 seconds 
  Import took 0.037404 seconds .

========================================================================
Received Import Request.
  Time since last request: 1.778328 seconds.
  path: Assets/_Barking_Dog/3D Free Modular Kit/_Meshes/Column_01_Top.FBX
  artifactKey: Guid(39b1bd6e779034598a04e38901990489) Importer(815301076,1909f56bfc062723c751e8b465ee728b)
Start importing Assets/_Barking_Dog/3D Free Modular Kit/_Meshes/Column_01_Top.FBX using Guid(39b1bd6e779034598a04e38901990489) Importer(815301076,1909f56bfc062723c751e8b465ee728b)  -> (artifact id: '119af155eb9279cb0bad8828b1cb225b') in 0.828244 seconds 
  Import took 0.831270 seconds .

========================================================================
Received Import Request.
  Time since last request: 0.000413 seconds.
  path: Assets/_Barking_Dog/3D Free Modular Kit/_Meshes/Floor_Small_01.FBX
  artifactKey: Guid(f6768e02308fe4b40ba12aece1070179) Importer(815301076,1909f56bfc062723c751e8b465ee728b)
Start importing Assets/_Barking_Dog/3D Free Modular Kit/_Meshes/Floor_Small_01.FBX using Guid(f6768e02308fe4b40ba12aece1070179) Importer(815301076,1909f56bfc062723c751e8b465ee728b)  -> (artifact id: '1d79cecf20e1aac7a917203cdd45fd1f') in 0.043686 seconds 
  Import took 0.047649 seconds .

========================================================================
Received Import Request.
  Time since last request: 0.000352 seconds.
  path: Assets/_Barking_Dog/3D Free Modular Kit/_Meshes/Roof_Door_01.FBX
  artifactKey: Guid(7387acdd6d3eb4b1d80e5da2645047c4) Importer(815301076,1909f56bfc062723c751e8b465ee728b)
Start importing Assets/_Barking_Dog/3D Free Modular Kit/_Meshes/Roof_Door_01.FBX using Guid(7387acdd6d3eb4b1d80e5da2645047c4) Importer(815301076,1909f56bfc062723c751e8b465ee728b)  -> (artifact id: 'c438aa16a75a5d072e98b5339c613533') in 0.037423 seconds 
  Import took 0.040948 seconds .

========================================================================
Received Import Request.
  Time since last request: 0.000392 seconds.
  path: Assets/_Barking_Dog/3D Free Modular Kit/_Meshes/Wall_Arc_90_02.FBX
  artifactKey: Guid(638f44b41e0a6471486ec2c4e9ca96fd) Importer(815301076,1909f56bfc062723c751e8b465ee728b)
Start importing Assets/_Barking_Dog/3D Free Modular Kit/_Meshes/Wall_Arc_90_02.FBX using Guid(638f44b41e0a6471486ec2c4e9ca96fd) Importer(815301076,1909f56bfc062723c751e8b465ee728b)  -> (artifact id: '3a0a4b31154bb496af97e350799785a0') in 0.043082 seconds 
  Import took 0.046338 seconds .

========================================================================
Received Import Request.
  Time since last request: 0.000398 seconds.
  path: Assets/_Barking_Dog/3D Free Modular Kit/_Meshes/Roof_Angle_01.FBX
  artifactKey: Guid(a335669a69f934699847642d88414623) Importer(815301076,1909f56bfc062723c751e8b465ee728b)
Start importing Assets/_Barking_Dog/3D Free Modular Kit/_Meshes/Roof_Angle_01.FBX using Guid(a335669a69f934699847642d88414623) Importer(815301076,1909f56bfc062723c751e8b465ee728b)  -> (artifact id: 'c87212bd2613792441675a39b57c3371') in 0.036760 seconds 
  Import took 0.040789 seconds .

========================================================================
Received Import Request.
  Time since last request: 0.000329 seconds.
  path: Assets/_Barking_Dog/3D Free Modular Kit/_Meshes/Floor_01.FBX
  artifactKey: Guid(318fc5659f68549feb9d55d15a12de2a) Importer(815301076,1909f56bfc062723c751e8b465ee728b)
Start importing Assets/_Barking_Dog/3D Free Modular Kit/_Meshes/Floor_01.FBX using Guid(318fc5659f68549feb9d55d15a12de2a) Importer(815301076,1909f56bfc062723c751e8b465ee728b)  -> (artifact id: '332a7544ee6d430ad1e98754be0fb138') in 0.034933 seconds 
  Import took 0.037836 seconds .

========================================================================
Received Import Request.
  Time since last request: 0.000580 seconds.
  path: Assets/_Barking_Dog/3D Free Modular Kit/_Meshes/Fan_01.FBX
  artifactKey: Guid(64d2cd6749bca4f3892daf258e7c68a2) Importer(815301076,1909f56bfc062723c751e8b465ee728b)
Start importing Assets/_Barking_Dog/3D Free Modular Kit/_Meshes/Fan_01.FBX using Guid(64d2cd6749bca4f3892daf258e7c68a2) Importer(815301076,1909f56bfc062723c751e8b465ee728b)  -> (artifact id: '58795de3801647b96ba0d0b128f57a98') in 0.045879 seconds 
  Import took 0.049648 seconds .

========================================================================
Received Import Request.
  Time since last request: 0.000388 seconds.
  path: Assets/_Barking_Dog/3D Free Modular Kit/_Meshes/Wall_HalfArc_90_03.FBX
  artifactKey: Guid(38b9333c840464ce789e1b0aff1b89ad) Importer(815301076,1909f56bfc062723c751e8b465ee728b)
Start importing Assets/_Barking_Dog/3D Free Modular Kit/_Meshes/Wall_HalfArc_90_03.FBX using Guid(38b9333c840464ce789e1b0aff1b89ad) Importer(815301076,1909f56bfc062723c751e8b465ee728b)  -> (artifact id: '2f936c44de2de0345a1da1651704af4c') in 0.036845 seconds 
  Import took 0.040792 seconds .

========================================================================
Received Import Request.
  Time since last request: 0.000498 seconds.
  path: Assets/_Barking_Dog/3D Free Modular Kit/_Meshes/Door_Arch_01.FBX
  artifactKey: Guid(ff2448abfdccb4826856bab7a63c6d68) Importer(815301076,1909f56bfc062723c751e8b465ee728b)
Start importing Assets/_Barking_Dog/3D Free Modular Kit/_Meshes/Door_Arch_01.FBX using Guid(ff2448abfdccb4826856bab7a63c6d68) Importer(815301076,1909f56bfc062723c751e8b465ee728b)  -> (artifact id: 'ddfceff20dac702bd7cf3d60a4f9b445') in 0.034419 seconds 
  Import took 0.038208 seconds .

========================================================================
Received Import Request.
  Time since last request: 0.000346 seconds.
  path: Assets/_Barking_Dog/3D Free Modular Kit/_Meshes/Wall_Arc_90_01.FBX
  artifactKey: Guid(13aac7515de6a4dd4b3c7979f7dbe7a2) Importer(815301076,1909f56bfc062723c751e8b465ee728b)
Start importing Assets/_Barking_Dog/3D Free Modular Kit/_Meshes/Wall_Arc_90_01.FBX using Guid(13aac7515de6a4dd4b3c7979f7dbe7a2) Importer(815301076,1909f56bfc062723c751e8b465ee728b)  -> (artifact id: '4757027404dd51d1858511576d6cb03c') in 0.030312 seconds 
  Import took 0.034250 seconds .

========================================================================
Received Import Request.
  Time since last request: 0.000323 seconds.
  path: Assets/_Barking_Dog/3D Free Modular Kit/_Meshes/Roof_01.FBX
  artifactKey: Guid(76e15ece664ee41ada45b8500a673f22) Importer(815301076,1909f56bfc062723c751e8b465ee728b)
Start importing Assets/_Barking_Dog/3D Free Modular Kit/_Meshes/Roof_01.FBX using Guid(76e15ece664ee41ada45b8500a673f22) Importer(815301076,1909f56bfc062723c751e8b465ee728b)  -> (artifact id: 'f507829bd28b6705b33a3fe5354f3dcc') in 0.031878 seconds 
  Import took 0.035787 seconds .

========================================================================
Received Import Request.
  Time since last request: 0.000365 seconds.
  path: Assets/_Barking_Dog/3D Free Modular Kit/_Meshes/Roof_Angle_Smal_01.FBX
  artifactKey: Guid(2c0055bf80c5d48de99a4610f68413ac) Importer(815301076,1909f56bfc062723c751e8b465ee728b)
Start importing Assets/_Barking_Dog/3D Free Modular Kit/_Meshes/Roof_Angle_Smal_01.FBX using Guid(2c0055bf80c5d48de99a4610f68413ac) Importer(815301076,1909f56bfc062723c751e8b465ee728b)  -> (artifact id: 'a91b19daddabd2e35060f7e98ed48901') in 0.029253 seconds 
  Import took 0.033023 seconds .

========================================================================
Received Import Request.
  Time since last request: 0.000326 seconds.
  path: Assets/_Barking_Dog/3D Free Modular Kit/_Meshes/Wall_Simple_01.FBX
  artifactKey: Guid(8386fa60b76534bc0856f1d023537484) Importer(815301076,1909f56bfc062723c751e8b465ee728b)
Start importing Assets/_Barking_Dog/3D Free Modular Kit/_Meshes/Wall_Simple_01.FBX using Guid(8386fa60b76534bc0856f1d023537484) Importer(815301076,1909f56bfc062723c751e8b465ee728b)  -> (artifact id: 'fc087c76aa922345ab8366b4fe26b0ad') in 0.029929 seconds 
  Import took 0.033197 seconds .

========================================================================
Received Import Request.
  Time since last request: 0.000394 seconds.
  path: Assets/_Barking_Dog/3D Free Modular Kit/_Meshes/Roof_Angle_Large_01.FBX
  artifactKey: Guid(c7f0be1a7661a448388e936acefcd607) Importer(815301076,1909f56bfc062723c751e8b465ee728b)
Start importing Assets/_Barking_Dog/3D Free Modular Kit/_Meshes/Roof_Angle_Large_01.FBX using Guid(c7f0be1a7661a448388e936acefcd607) Importer(815301076,1909f56bfc062723c751e8b465ee728b)  -> (artifact id: '1d6cabda10e9935e0745f4a1f9f40c8c') in 0.030970 seconds 
  Import took 0.034207 seconds .

========================================================================
Received Import Request.
  Time since last request: 0.000357 seconds.
  path: Assets/_Barking_Dog/3D Free Modular Kit/_Meshes/Light_01.FBX
  artifactKey: Guid(45d2e8119c39748209c49281be62d9a7) Importer(815301076,1909f56bfc062723c751e8b465ee728b)
Start importing Assets/_Barking_Dog/3D Free Modular Kit/_Meshes/Light_01.FBX using Guid(45d2e8119c39748209c49281be62d9a7) Importer(815301076,1909f56bfc062723c751e8b465ee728b)  -> (artifact id: '70220f180a58c98b42435d74b57ef71e') in 0.033457 seconds 
  Import took 0.037610 seconds .

========================================================================
Received Import Request.
  Time since last request: 0.000356 seconds.
  path: Assets/_Barking_Dog/3D Free Modular Kit/_Meshes/Wall_HalfArc_90_02.FBX
  artifactKey: Guid(fcd3445ec3ee04cb285c72daf3ae46ec) Importer(815301076,1909f56bfc062723c751e8b465ee728b)
Start importing Assets/_Barking_Dog/3D Free Modular Kit/_Meshes/Wall_HalfArc_90_02.FBX using Guid(fcd3445ec3ee04cb285c72daf3ae46ec) Importer(815301076,1909f56bfc062723c751e8b465ee728b)  -> (artifact id: '6bd6b057a77fd33ca6e079ed3d4842d6') in 0.032026 seconds 
  Import took 0.035727 seconds .

========================================================================
Received Import Request.
  Time since last request: 0.000349 seconds.
  path: Assets/_Barking_Dog/3D Free Modular Kit/_Meshes/Door_Left_01.FBX
  artifactKey: Guid(7fe4a827493384beea453a7d680fa266) Importer(815301076,1909f56bfc062723c751e8b465ee728b)
Start importing Assets/_Barking_Dog/3D Free Modular Kit/_Meshes/Door_Left_01.FBX using Guid(7fe4a827493384beea453a7d680fa266) Importer(815301076,1909f56bfc062723c751e8b465ee728b)  -> (artifact id: 'e3f273546578e0f82f691cdaef593872') in 0.234114 seconds 
  Import took 0.244767 seconds .

========================================================================
Received Import Request.
  Time since last request: 0.881208 seconds.
  path: Assets/_Barking_Dog/3D Free Modular Kit/_Meshes/Materials
  artifactKey: Guid(608cdedffeeb945ec96182f72f1bf294) Importer(815301076,1909f56bfc062723c751e8b465ee728b)
Start importing Assets/_Barking_Dog/3D Free Modular Kit/_Meshes/Materials using Guid(608cdedffeeb945ec96182f72f1bf294) Importer(815301076,1909f56bfc062723c751e8b465ee728b)  -> (artifact id: '8d83f074fcea56e28040f6d5b09062b5') in 0.005064 seconds 
  Import took 0.007826 seconds .

========================================================================
Received Prepare
Registering precompiled user dll's ...
Registered in 0.004315 seconds.
Begin MonoManager ReloadAssembly
Native extension for WindowsStandalone target not found
Native extension for OSXStandalone target not found
Refreshing native plugins compatible for Editor in 0.34 ms, found 2 plugins.
Preloading 0 native plugins for Editor in 0.00 ms.
Mono: successfully reloaded assembly
- Completed reload, in  0.950 seconds
Domain Reload Profiling:
	ReloadAssembly (950ms)
		BeginReloadAssembly (144ms)
			ExecutionOrderSort (0ms)
			DisableScriptedObjects (3ms)
			BackupInstance (0ms)
			ReleaseScriptingObjects (0ms)
			CreateAndSetChildDomain (37ms)
		EndReloadAssembly (739ms)
			LoadAssemblies (118ms)
			RebuildTransferFunctionScriptingTraits (0ms)
			SetupTypeCache (261ms)
			ReleaseScriptCaches (1ms)
			RebuildScriptCaches (40ms)
			SetupLoadedEditorAssemblies (274ms)
				LogAssemblyErrors (0ms)
				InitializePlatformSupportModulesInManaged (5ms)
				SetLoadedEditorAssemblies (0ms)
				RefreshPlugins (0ms)
				BeforeProcessingInitializeOnLoad (74ms)
				ProcessInitializeOnLoadAttributes (178ms)
				ProcessInitializeOnLoadMethodAttributes (9ms)
				AfterProcessingInitializeOnLoad (6ms)
				EditorAssembliesLoaded (0ms)
			ExecutionOrderSort2 (0ms)
			AwakeInstancesAfterBackupRestoration (6ms)
Platform modules already initialized, skipping
Refreshing native plugins compatible for Editor in 0.54 ms, found 2 plugins.
Preloading 0 native plugins for Editor in 0.00 ms.
Unloading 1498 Unused Serialized files (Serialized files now loaded: 0)
System memory in use before: 71.8 MB.
System memory in use after: 71.9 MB.

Unloading 11 unused Assets to reduce memory usage. Loaded Objects now: 1955.
Total: 3.514000 ms (FindLiveObjects: 0.233100 ms CreateObjectMapping: 0.037100 ms MarkObjects: 3.219100 ms  DeleteObjects: 0.022800 ms)

AssetImportParameters requested are different than current active one (requested -> active):
  custom:framework-win-MediaFoundation: 216162199b28c13a410421893ffa2e32 -> 
  custom:video-decoder-ogg-theora: a1e56fd34408186e4bbccfd4996cb3dc -> 
  custom:container-muxer-webm: aa71ff27fc2769a1b78a27578f13a17b -> 
  custom:container-demuxer-webm: 4f35f7cbe854078d1ac9338744f61a02 -> 
  custom:container-demuxer-ogg: 62fdf1f143b41e24485cea50d1cbac27 -> 
  custom:video-encoder-webm-vp8: eb34c28f22e8b96e1ab97ce403110664 -> 
  custom:video-codec-MediaFoundation-h265: 746d11721c4dcdbdad8f713fa42b33f4 -> 
  custom:video-decoder-webm-vp8: 9c59270c3fd7afecdb556c50c9e8de78 -> 
  custom:audio-decoder-ogg-vorbis: bf7c407c2cedff20999df2af8eb42d56 -> 
  custom:audio-encoder-webm-vorbis: bf7c407c2cedff20999df2af8eb42d56 -> 
========================================================================
Received Import Request.
  Time since last request: 278.936035 seconds.
  path: Assets/Roulette/simple-roulette-table
  artifactKey: Guid(9a0335cba5678f3429add5be28c2157f) Importer(815301076,1909f56bfc062723c751e8b465ee728b)
Start importing Assets/Roulette/simple-roulette-table using Guid(9a0335cba5678f3429add5be28c2157f) Importer(815301076,1909f56bfc062723c751e8b465ee728b)  -> (artifact id: '5f5056c2147168919846059a10717880') in 0.007296 seconds 
  Import took 0.010658 seconds .

========================================================================
Received Import Request.
  Time since last request: 1.328190 seconds.
  path: Assets/Roulette/simple-roulette-table/source
  artifactKey: Guid(5e0293095fa383b44a83cefb12819bcb) Importer(815301076,1909f56bfc062723c751e8b465ee728b)
Start importing Assets/Roulette/simple-roulette-table/source using Guid(5e0293095fa383b44a83cefb12819bcb) Importer(815301076,1909f56bfc062723c751e8b465ee728b)  -> (artifact id: 'bcf063419c5efb160873a160978542e5') in 0.003927 seconds 
  Import took 0.006647 seconds .

========================================================================
Received Import Request.
  Time since last request: 0.343570 seconds.
  path: Assets/Roulette/simple-roulette-table/textures
  artifactKey: Guid(8237c3359c538ef4482e8020ebd78722) Importer(815301076,1909f56bfc062723c751e8b465ee728b)
Start importing Assets/Roulette/simple-roulette-table/textures using Guid(8237c3359c538ef4482e8020ebd78722) Importer(815301076,1909f56bfc062723c751e8b465ee728b)  -> (artifact id: 'eeb758d2360279388ac4b2afa4371fb7') in 0.003926 seconds 
  Import took 0.006409 seconds .

========================================================================
Received Import Request.
  Time since last request: 0.142053 seconds.
  path: Assets/Roulette/simple-roulette-table/textures/il_fullxfull.1735337568_7nwd.jpg
  artifactKey: Guid(45a82d6c3c8f29846a89555f9b512f27) Importer(815301076,1909f56bfc062723c751e8b465ee728b)
Start importing Assets/Roulette/simple-roulette-table/textures/il_fullxfull.1735337568_7nwd.jpg using Guid(45a82d6c3c8f29846a89555f9b512f27) Importer(815301076,1909f56bfc062723c751e8b465ee728b)  -> (artifact id: 'c8cad5f28c8c0f8b0d8cf174fc1cfb2b') in 0.054874 seconds 
  Import took 0.057865 seconds .

========================================================================
Received Import Request.
  Time since last request: 6.067080 seconds.
  path: Assets/Roulette/simple-roulette-table/source/Roulette Table
  artifactKey: Guid(84d8421df8dad224fa4bf070078b0a70) Importer(815301076,1909f56bfc062723c751e8b465ee728b)
Start importing Assets/Roulette/simple-roulette-table/source/Roulette Table using Guid(84d8421df8dad224fa4bf070078b0a70) Importer(815301076,1909f56bfc062723c751e8b465ee728b)  -> (artifact id: '5eb4232a3fe342274499819b2b1920c6') in 0.005190 seconds 
  Import took 0.008543 seconds .

========================================================================
Received Import Request.
  Time since last request: 0.027699 seconds.
  path: Assets/Roulette/simple-roulette-table/source/Roulette Table/Roulette Table.dae
  artifactKey: Guid(d3db81d017deeaa47960e295aa3208b6) Importer(815301076,1909f56bfc062723c751e8b465ee728b)
Start importing Assets/Roulette/simple-roulette-table/source/Roulette Table/Roulette Table.dae using Guid(d3db81d017deeaa47960e295aa3208b6) Importer(815301076,1909f56bfc062723c751e8b465ee728b)  -> (artifact id: 'c4c8e5d65fe729b6891f5c1eaa74b376') in 1.497462 seconds 
  Import took 1.503790 seconds .

========================================================================
Received Import Request.
  Time since last request: 390.550065 seconds.
  path: Assets/Material
  artifactKey: Guid(6043649cf4cfe894aa65694d464ad5d9) Importer(815301076,1909f56bfc062723c751e8b465ee728b)
Start importing Assets/Material using Guid(6043649cf4cfe894aa65694d464ad5d9) Importer(815301076,1909f56bfc062723c751e8b465ee728b)  -> (artifact id: '1b94b8059ae102ba768b049b2e30f6ae') in 0.005000 seconds 
  Import took 0.008222 seconds .

========================================================================
Received Import Request.
  Time since last request: 9.301148 seconds.
  path: Assets/Material/Roulette.mat
  artifactKey: Guid(e90ef9ab85795e8468dbc8a9fc0a083c) Importer(815301076,1909f56bfc062723c751e8b465ee728b)
Start importing Assets/Material/Roulette.mat using Guid(e90ef9ab85795e8468dbc8a9fc0a083c) Importer(815301076,1909f56bfc062723c751e8b465ee728b)  -> (artifact id: '8a4a1f3dcf029ca0196b3bac85959be4') in 0.019231 seconds 
  Import took 0.022062 seconds .

========================================================================
Received Prepare
Registering precompiled user dll's ...
Registered in 0.029422 seconds.
Begin MonoManager ReloadAssembly
Native extension for WindowsStandalone target not found
Native extension for OSXStandalone target not found
Refreshing native plugins compatible for Editor in 51.25 ms, found 2 plugins.
Preloading 0 native plugins for Editor in 0.00 ms.
Mono: successfully reloaded assembly
- Completed reload, in  1.930 seconds
Domain Reload Profiling:
	ReloadAssembly (1931ms)
		BeginReloadAssembly (667ms)
			ExecutionOrderSort (0ms)
			DisableScriptedObjects (65ms)
			BackupInstance (0ms)
			ReleaseScriptingObjects (0ms)
			CreateAndSetChildDomain (277ms)
		EndReloadAssembly (1121ms)
			LoadAssemblies (545ms)
			RebuildTransferFunctionScriptingTraits (0ms)
			SetupTypeCache (310ms)
			ReleaseScriptCaches (1ms)
			RebuildScriptCaches (42ms)
			SetupLoadedEditorAssemblies (315ms)
				LogAssemblyErrors (0ms)
				InitializePlatformSupportModulesInManaged (4ms)
				SetLoadedEditorAssemblies (0ms)
				RefreshPlugins (51ms)
				BeforeProcessingInitializeOnLoad (73ms)
				ProcessInitializeOnLoadAttributes (170ms)
				ProcessInitializeOnLoadMethodAttributes (9ms)
				AfterProcessingInitializeOnLoad (6ms)
				EditorAssembliesLoaded (0ms)
			ExecutionOrderSort2 (0ms)
			AwakeInstancesAfterBackupRestoration (7ms)
Platform modules already initialized, skipping
Shader 'Universal Render Pipeline/Nature/SpeedTree7': dependency 'BillboardShader' shader 'Universal Render Pipeline/Nature/SpeedTree7 Billboard' not found
Shader 'Universal Render Pipeline/Baked Lit': fallback shader 'Universal Render Pipeline/Unlit' not found
Shader 'Universal Render Pipeline/Simple Lit': fallback shader 'Hidden/Universal Render Pipeline/FallbackError' not found
Shader 'Universal Render Pipeline/Terrain/Lit': fallback shader 'Hidden/Universal Render Pipeline/FallbackError' not found
Shader 'Universal Render Pipeline/Terrain/Lit': dependency 'AddPassShader' shader 'Hidden/Universal Render Pipeline/Terrain/Lit (Add Pass)' not found
Shader 'Universal Render Pipeline/Terrain/Lit': dependency 'BaseMapShader' shader 'Hidden/Universal Render Pipeline/Terrain/Lit (Base Pass)' not found
Shader 'Universal Render Pipeline/Terrain/Lit': dependency 'BaseMapGenShader' shader 'Hidden/Universal Render Pipeline/Terrain/Lit (Basemap Gen)' not found
Shader 'Hidden/Universal Render Pipeline/Terrain/Lit (Add Pass)': fallback shader 'Hidden/Universal Render Pipeline/FallbackError' not found
Shader 'Hidden/Universal Render Pipeline/Terrain/Lit (Base Pass)': fallback shader 'Hidden/Universal Render Pipeline/FallbackError' not found
Refreshing native plugins compatible for Editor in 0.87 ms, found 2 plugins.
Preloading 0 native plugins for Editor in 0.00 ms.
Unloading 2755 Unused Serialized files (Serialized files now loaded: 0)
System memory in use before: 122.9 MB.
System memory in use after: 118.6 MB.

Unloading 68 unused Assets to reduce memory usage. Loaded Objects now: 3191.
Total: 6.644600 ms (FindLiveObjects: 0.575200 ms CreateObjectMapping: 0.192600 ms MarkObjects: 3.488200 ms  DeleteObjects: 2.386700 ms)

AssetImportParameters requested are different than current active one (requested -> active):
  custom:framework-win-MediaFoundation: 216162199b28c13a410421893ffa2e32 -> 
  custom:video-decoder-ogg-theora: a1e56fd34408186e4bbccfd4996cb3dc -> 
  custom:container-muxer-webm: aa71ff27fc2769a1b78a27578f13a17b -> 
  custom:container-demuxer-webm: 4f35f7cbe854078d1ac9338744f61a02 -> 
  custom:container-demuxer-ogg: 62fdf1f143b41e24485cea50d1cbac27 -> 
  custom:video-encoder-webm-vp8: eb34c28f22e8b96e1ab97ce403110664 -> 
  custom:video-codec-MediaFoundation-h265: 746d11721c4dcdbdad8f713fa42b33f4 -> 
  custom:video-decoder-webm-vp8: 9c59270c3fd7afecdb556c50c9e8de78 -> 
  custom:audio-decoder-ogg-vorbis: bf7c407c2cedff20999df2af8eb42d56 -> 
  custom:audio-encoder-webm-vorbis: bf7c407c2cedff20999df2af8eb42d56 -> 
========================================================================
Received Import Request.
  Time since last request: 116.019899 seconds.
  path: Assets/Material/Roulette.mat
  artifactKey: Guid(e90ef9ab85795e8468dbc8a9fc0a083c) Importer(815301076,1909f56bfc062723c751e8b465ee728b)
Start importing Assets/Material/Roulette.mat using Guid(e90ef9ab85795e8468dbc8a9fc0a083c) Importer(815301076,1909f56bfc062723c751e8b465ee728b)  -> (artifact id: '7f4f014ac1b91d93db12c1c55557ee16') in 0.066861 seconds 
  Import took 0.071575 seconds .

========================================================================
Received Import Request.
  Time since last request: 86.586787 seconds.
  path: Assets/Settings/UniversalRenderPipelineAsset.asset
  artifactKey: Guid(724be04d3cf4fd241aa5bb51d22e3762) Importer(815301076,1909f56bfc062723c751e8b465ee728b)
Start importing Assets/Settings/UniversalRenderPipelineAsset.asset using Guid(724be04d3cf4fd241aa5bb51d22e3762) Importer(815301076,1909f56bfc062723c751e8b465ee728b)  -> (artifact id: 'cee5ce25eb034a2532130259464cc319') in 0.050799 seconds 
  Import took 0.056840 seconds .

========================================================================
Received Import Request.
  Time since last request: 0.000436 seconds.
  path: Assets/Settings/UniversalRenderPipelineAsset_Renderer.asset
  artifactKey: Guid(b53f6e1589108b944be25dc9183ce8c3) Importer(815301076,1909f56bfc062723c751e8b465ee728b)
Start importing Assets/Settings/UniversalRenderPipelineAsset_Renderer.asset using Guid(b53f6e1589108b944be25dc9183ce8c3) Importer(815301076,1909f56bfc062723c751e8b465ee728b)  -> (artifact id: '70d65ebc49df0bd2c387cbf21471849f') in 0.038573 seconds 
  Import took 0.043889 seconds .

========================================================================
Received Import Request.
  Time since last request: 67.900771 seconds.
  path: Assets/Roulette/simple-roulette-table/source/Roulette Table/Roulette Table.dae
  artifactKey: Guid(d3db81d017deeaa47960e295aa3208b6) Importer(815301076,1909f56bfc062723c751e8b465ee728b)
Start importing Assets/Roulette/simple-roulette-table/source/Roulette Table/Roulette Table.dae using Guid(d3db81d017deeaa47960e295aa3208b6) Importer(815301076,1909f56bfc062723c751e8b465ee728b)  -> (artifact id: 'c7c69bd9203aa8d3b82b4ea1a3ab456a') in 1.983130 seconds 
  Import took 1.991822 seconds .

========================================================================
Received Import Request.
  Time since last request: 75.913249 seconds.
  path: Assets/Roulette/simple-roulette-table/Materials
  artifactKey: Guid(8075fc99d1003e7468763c645e0ec92d) Importer(815301076,1909f56bfc062723c751e8b465ee728b)
Start importing Assets/Roulette/simple-roulette-table/Materials using Guid(8075fc99d1003e7468763c645e0ec92d) Importer(815301076,1909f56bfc062723c751e8b465ee728b)  -> (artifact id: '5de43d01c5c9139e05e31ad92d966ed8') in 0.004172 seconds 
  Import took 0.008330 seconds .

========================================================================
Received Import Request.
  Time since last request: 32.797839 seconds.
  path: Assets/Roulette
  artifactKey: Guid(b119639b4b3352d4d860ffe0b2e8da77) Importer(815301076,1909f56bfc062723c751e8b465ee728b)
Start importing Assets/Roulette using Guid(b119639b4b3352d4d860ffe0b2e8da77) Importer(815301076,1909f56bfc062723c751e8b465ee728b)  -> (artifact id: 'c8c7d843644897349f5201f6b6c00e5e') in 0.003920 seconds 
  Import took 0.008836 seconds .

========================================================================
Received Prepare
Switching render pipeline 00000000000000000000000000000000 -> 724be04d3cf4fd241aa5bb51d22e3762
Refreshing native plugins compatible for Editor in 6.87 ms, found 2 plugins.
Preloading 0 native plugins for Editor in 0.00 ms.
Unloading 114 Unused Serialized files (Serialized files now loaded: 0)
System memory in use before: 75.6 MB.
System memory in use after: 72.5 MB.

Unloading 46 unused Assets to reduce memory usage. Loaded Objects now: 3260.
Total: 7.260600 ms (FindLiveObjects: 0.476000 ms CreateObjectMapping: 0.082700 ms MarkObjects: 4.033900 ms  DeleteObjects: 2.666100 ms)

AssetImportParameters requested are different than current active one (requested -> active):
  custom:framework-win-MediaFoundation: 216162199b28c13a410421893ffa2e32 -> 
  custom:video-decoder-ogg-theora: a1e56fd34408186e4bbccfd4996cb3dc -> 
  custom:container-muxer-webm: aa71ff27fc2769a1b78a27578f13a17b -> 
  custom:container-demuxer-webm: 4f35f7cbe854078d1ac9338744f61a02 -> 
  custom:container-demuxer-ogg: 62fdf1f143b41e24485cea50d1cbac27 -> 
  custom:video-encoder-webm-vp8: eb34c28f22e8b96e1ab97ce403110664 -> 
  custom:video-codec-MediaFoundation-h265: 746d11721c4dcdbdad8f713fa42b33f4 -> 
  custom:video-decoder-webm-vp8: 9c59270c3fd7afecdb556c50c9e8de78 -> 
  custom:audio-decoder-ogg-vorbis: bf7c407c2cedff20999df2af8eb42d56 -> 
  custom:audio-encoder-webm-vorbis: bf7c407c2cedff20999df2af8eb42d56 -> 
========================================================================
Received Import Request.
  Time since last request: 54.046970 seconds.
  path: Assets/Cat_Clock/Documentation
  artifactKey: Guid(58e4ee6948ca5bd49b3e8d21e468c695) Importer(815301076,1909f56bfc062723c751e8b465ee728b)
Start importing Assets/Cat_Clock/Documentation using Guid(58e4ee6948ca5bd49b3e8d21e468c695) Importer(815301076,1909f56bfc062723c751e8b465ee728b)  -> (artifact id: 'ee971889eaf6eed768a7e21669305863') in 0.004235 seconds 
  Import took 0.009935 seconds .

========================================================================
Received Import Request.
  Time since last request: 0.436582 seconds.
  path: Assets/Cat_Clock/Materials
  artifactKey: Guid(bbfc91093e137c0489794aac00cf623f) Importer(815301076,1909f56bfc062723c751e8b465ee728b)
Start importing Assets/Cat_Clock/Materials using Guid(bbfc91093e137c0489794aac00cf623f) Importer(815301076,1909f56bfc062723c751e8b465ee728b)  -> (artifact id: 'a8beff3c44d6a25a234f6f61784b8283') in 0.003609 seconds 
  Import took 0.009071 seconds .

========================================================================
Received Import Request.
  Time since last request: 0.423281 seconds.
  path: Assets/Cat_Clock/Prefabs
  artifactKey: Guid(b8166c51529700641a0ec37fdb9b864c) Importer(815301076,1909f56bfc062723c751e8b465ee728b)
Start importing Assets/Cat_Clock/Prefabs using Guid(b8166c51529700641a0ec37fdb9b864c) Importer(815301076,1909f56bfc062723c751e8b465ee728b)  -> (artifact id: '25a7b2408105f08c098016cf0b8c452e') in 0.004338 seconds 
  Import took 0.009361 seconds .

========================================================================
Received Import Request.
  Time since last request: 0.335152 seconds.
  path: Assets/Cat_Clock/Textures
  artifactKey: Guid(d15e2a8336b5c6b4393dfc64e42ef80b) Importer(815301076,1909f56bfc062723c751e8b465ee728b)
Start importing Assets/Cat_Clock/Textures using Guid(d15e2a8336b5c6b4393dfc64e42ef80b) Importer(815301076,1909f56bfc062723c751e8b465ee728b)  -> (artifact id: '6a4c16df4e2af0af9d6d22ed9c0f2bd6') in 0.003983 seconds 
  Import took 0.008116 seconds .

========================================================================
Received Import Request.
  Time since last request: 0.533641 seconds.
  path: Assets/Cat_Clock/Prefabs/Cat_Clock (1) Variant.prefab
  artifactKey: Guid(4c3adc22b7f4f4b40b4ad4e6907f3de8) Importer(815301076,1909f56bfc062723c751e8b465ee728b)
Start importing Assets/Cat_Clock/Prefabs/Cat_Clock (1) Variant.prefab using Guid(4c3adc22b7f4f4b40b4ad4e6907f3de8) Importer(815301076,1909f56bfc062723c751e8b465ee728b) Shader error in 'Universal Render Pipeline/Lit': Couldn't open include file 'Packages/com.unity.render-pipelines.universal/Shaders/LitInput.hlsl'. at line 138

Compiling Fragment program with _ADDITIONAL_LIGHTS _NORMALMAP
Platform defines: SHADER_API_DESKTOP UNITY_COLORSPACE_GAMMA UNITY_ENABLE_DETAIL_NORMALMAP UNITY_ENABLE_REFLECTION_BUFFERS UNITY_LIGHTMAP_FULL_HDR UNITY_LIGHT_PROBE_PROXY_VOLUME UNITY_PBS_USE_BRDF1 UNITY_SPECCUBE_BLENDING UNITY_SPECCUBE_BOX_PROJECTION UNITY_USE_DITHER_MASK_FOR_ALPHABLENDED_SHADOWS
Disabled keywords: DIRLIGHTMAP_COMBINED DOTS_INSTANCING_ON FOG_EXP FOG_EXP2 FOG_LINEAR INSTANCING_ON LIGHTMAP_ON LIGHTMAP_SHADOW_MIXING SHADER_API_GLES30 SHADOWS_SHADOWMASK UNITY_ASTC_NORMALMAP_ENCODING UNITY_ENABLE_NATIVE_SHADOW_LOOKUPS UNITY_HALF_PRECISION_FRAGMENT_SHADER_REGISTERS UNITY_HARDWARE_TIER1 UNITY_HARDWARE_TIER2 UNITY_HARDWARE_TIER3 UNITY_LIGHTMAP_DLDR_ENCODING UNITY_LIGHTMAP_RGBM_ENCODING UNITY_METAL_SHADOWS_USE_POINT_FILTERING UNITY_NO_DXT5nm UNITY_NO_FULL_STANDARD_SHADER UNITY_NO_SCREENSPACE_SHADOWS UNITY_PBS_USE_BRDF2 UNITY_PBS_USE_BRDF3 UNITY_PRETRANSFORM_TO_DISPLAY_ORIENTATION UNITY_VIRTUAL_TEXTURING _ADDITIONAL_LIGHTS_VERTEX _ADDITIONAL_LIGHT_SHADOWS _ALPHAPREMULTIPLY_ON _ALPHATEST_ON _DETAIL_MULX2 _DETAIL_SCALED _EMISSION _ENVIRONMENTREFLECTIONS_OFF _MAIN_LIGHT_SHADOWS _MAIN_LIGHT_SHADOWS_CASCADE _METALLICSPECGLOSSMAP _OCCLUSIONMAP _PARALLAXMAP _RECEIVE_SHADOWS_OFF _SCREEN_SPACE_OCCLUSION _SHADOWS_SOFT _SMOOTHNESS_TEXTURE_ALBEDO_CHANNEL_A _SPECULARHIGHLIGHTS_OFF _SPECULAR_SETUP
Shader error in 'Universal Render Pipeline/Lit': Couldn't open include file 'Packages/com.unity.render-pipelines.universal/Shaders/LitInput.hlsl'. at line 138

Compiling Fragment program with _ADDITIONAL_LIGHTS _NORMALMAP
Platform defines: SHADER_API_DESKTOP UNITY_COLORSPACE_GAMMA UNITY_ENABLE_DETAIL_NORMALMAP UNITY_ENABLE_REFLECTION_BUFFERS UNITY_LIGHTMAP_FULL_HDR UNITY_LIGHT_PROBE_PROXY_VOLUME UNITY_PBS_USE_BRDF1 UNITY_SPECCUBE_BLENDING UNITY_SPECCUBE_BOX_PROJECTION UNITY_USE_DITHER_MASK_FOR_ALPHABLENDED_SHADOWS
Disabled keywords: DIRLIGHTMAP_COMBINED DOTS_INSTANCING_ON FOG_EXP FOG_EXP2 FOG_LINEAR INSTANCING_ON LIGHTMAP_ON LIGHTMAP_SHADOW_MIXING SHADER_API_GLES30 SHADOWS_SHADOWMASK UNITY_ASTC_NORMALMAP_ENCODING UNITY_ENABLE_NATIVE_SHADOW_LOOKUPS UNITY_HALF_PRECISION_FRAGMENT_SHADER_REGISTERS UNITY_HARDWARE_TIER1 UNITY_HARDWARE_TIER2 UNITY_HARDWARE_TIER3 UNITY_LIGHTMAP_DLDR_ENCODING UNITY_LIGHTMAP_RGBM_ENCODING UNITY_METAL_SHADOWS_USE_POINT_FILTERING UNITY_NO_DXT5nm UNITY_NO_FULL_STANDARD_SHADER UNITY_NO_SCREENSPACE_SHADOWS UNITY_PBS_USE_BRDF2 UNITY_PBS_USE_BRDF3 UNITY_PRETRANSFORM_TO_DISPLAY_ORIENTATION UNITY_VIRTUAL_TEXTURING _ADDITIONAL_LIGHTS_VERTEX _ADDITIONAL_LIGHT_SHADOWS _ALPHAPREMULTIPLY_ON _ALPHATEST_ON _DETAIL_MULX2 _DETAIL_SCALED _EMISSION _ENVIRONMENTREFLECTIONS_OFF _MAIN_LIGHT_SHADOWS _MAIN_LIGHT_SHADOWS_CASCADE _METALLICSPECGLOSSMAP _OCCLUSIONMAP _PARALLAXMAP _RECEIVE_SHADOWS_OFF _SCREEN_SPACE_OCCLUSION _SHADOWS_SOFT _SMOOTHNESS_TEXTURE_ALBEDO_CHANNEL_A _SPECULARHIGHLIGHTS_OFF _SPECULAR_SETUP
 -> (artifact id: '3dd775c4f14d71ad3fd910c5ef9eaf46') in 0.153457 seconds 
  Import took 0.158704 seconds .

========================================================================
Received Import Request.
  Time since last request: 0.000546 seconds.
  path: Assets/Cat_Clock/Prefabs/Cat_Clock (2) Variant.prefab
  artifactKey: Guid(41a8b1a39e0360b42aaef53efa48ba1f) Importer(815301076,1909f56bfc062723c751e8b465ee728b)
Start importing Assets/Cat_Clock/Prefabs/Cat_Clock (2) Variant.prefab using Guid(41a8b1a39e0360b42aaef53efa48ba1f) Importer(815301076,1909f56bfc062723c751e8b465ee728b)  -> (artifact id: 'f3b6c238f02cb5e324dd660f5b9b989e') in 0.023762 seconds 
  Import took 0.028726 seconds .

========================================================================
Received Import Request.
  Time since last request: 0.000468 seconds.
  path: Assets/Cat_Clock/Prefabs/Cat_Clock (5) Variant.prefab
  artifactKey: Guid(90fe9efa62881734189e40de27588c4e) Importer(815301076,1909f56bfc062723c751e8b465ee728b)
Start importing Assets/Cat_Clock/Prefabs/Cat_Clock (5) Variant.prefab using Guid(90fe9efa62881734189e40de27588c4e) Importer(815301076,1909f56bfc062723c751e8b465ee728b)  -> (artifact id: '1d535401dee49254676533af789cfe57') in 0.021761 seconds 
  Import took 0.027015 seconds .

========================================================================
Received Import Request.
  Time since last request: 0.000400 seconds.
  path: Assets/Cat_Clock/Prefabs/Cat_Clock (3) Variant.prefab
  artifactKey: Guid(67824c7b894290541b46c528c2534846) Importer(815301076,1909f56bfc062723c751e8b465ee728b)
Start importing Assets/Cat_Clock/Prefabs/Cat_Clock (3) Variant.prefab using Guid(67824c7b894290541b46c528c2534846) Importer(815301076,1909f56bfc062723c751e8b465ee728b)  -> (artifact id: '5a9e24f86ab309220a3136c17e58ad87') in 0.023896 seconds 
  Import took 0.028536 seconds .

========================================================================
Received Import Request.
  Time since last request: 0.000349 seconds.
  path: Assets/Cat_Clock/Prefabs/Cat_Clock (4) Variant.prefab
  artifactKey: Guid(dcc9e076f8d42d84f94ee3c9d2e0cfad) Importer(815301076,1909f56bfc062723c751e8b465ee728b)
Start importing Assets/Cat_Clock/Prefabs/Cat_Clock (4) Variant.prefab using Guid(dcc9e076f8d42d84f94ee3c9d2e0cfad) Importer(815301076,1909f56bfc062723c751e8b465ee728b)  -> (artifact id: '47b05e5cf88034bacf1df9d07acb69bc') in 0.019742 seconds 
  Import took 0.025396 seconds .

========================================================================
Received Import Request.
  Time since last request: 116.108672 seconds.
  path: Assets/Table/source
  artifactKey: Guid(6858f0d4f8819fa46b4645394b6b4b11) Importer(815301076,1909f56bfc062723c751e8b465ee728b)
Start importing Assets/Table/source using Guid(6858f0d4f8819fa46b4645394b6b4b11) Importer(815301076,1909f56bfc062723c751e8b465ee728b)  -> (artifact id: 'fa254e171004f82d52ddc612fe469bfb') in 0.004174 seconds 
  Import took 0.008679 seconds .

========================================================================
Received Import Request.
  Time since last request: 0.812546 seconds.
  path: Assets/Table/source/model
  artifactKey: Guid(5eb9da607e4fc2541b525654bbafd1f9) Importer(815301076,1909f56bfc062723c751e8b465ee728b)
Start importing Assets/Table/source/model using Guid(5eb9da607e4fc2541b525654bbafd1f9) Importer(815301076,1909f56bfc062723c751e8b465ee728b)  -> (artifact id: '2e93966824f0755ce1594511ca47f3ea') in 0.004490 seconds 
  Import took 0.009174 seconds .

========================================================================
Received Import Request.
  Time since last request: 0.037421 seconds.
  path: Assets/Table/source/model/model.dae
  artifactKey: Guid(ccb5f250d5087824eaa6563b5fe50059) Importer(815301076,1909f56bfc062723c751e8b465ee728b)
Start importing Assets/Table/source/model/model.dae using Guid(ccb5f250d5087824eaa6563b5fe50059) Importer(815301076,1909f56bfc062723c751e8b465ee728b)  -> (artifact id: '86cd28bbf48cfac5370d436180d452de') in 0.141391 seconds 
  Import took 0.146523 seconds .

========================================================================
Received Import Request.
  Time since last request: 27.437210 seconds.
  path: Assets/Table/source/model/textures
  artifactKey: Guid(82d8f50afc56cfe4c81ee2cecae8e64c) Importer(815301076,1909f56bfc062723c751e8b465ee728b)
Start importing Assets/Table/source/model/textures using Guid(82d8f50afc56cfe4c81ee2cecae8e64c) Importer(815301076,1909f56bfc062723c751e8b465ee728b)  -> (artifact id: '7dab7871853d0a78af6beb20443b9a9b') in 0.004259 seconds 
  Import took 0.009593 seconds .

========================================================================
Received Import Request.
  Time since last request: 0.048019 seconds.
  path: Assets/Table/source/model/textures/lambert1_albedo.jpg
  artifactKey: Guid(0f890116c800f6e4799d2865941326a7) Importer(815301076,1909f56bfc062723c751e8b465ee728b)
Start importing Assets/Table/source/model/textures/lambert1_albedo.jpg using Guid(0f890116c800f6e4799d2865941326a7) Importer(815301076,1909f56bfc062723c751e8b465ee728b)  -> (artifact id: '907b693e05bad0c4b37ac27cf31b71ae') in 0.018990 seconds 
  Import took 0.024571 seconds .

========================================================================
Received Import Request.
  Time since last request: 0.000380 seconds.
  path: Assets/Table/source/model/textures/lambert1_normal.png
  artifactKey: Guid(5a30dc1fe7b72184cbef9e44ebba6b96) Importer(815301076,1909f56bfc062723c751e8b465ee728b)
Start importing Assets/Table/source/model/textures/lambert1_normal.png using Guid(5a30dc1fe7b72184cbef9e44ebba6b96) Importer(815301076,1909f56bfc062723c751e8b465ee728b)  -> (artifact id: '3c7271634cb99ed93520e7a0eca4c23c') in 0.020879 seconds 
  Import took 0.025650 seconds .

========================================================================
Received Import Request.
  Time since last request: 0.000476 seconds.
  path: Assets/Table/source/model/textures/lambert1_roughness.jpg
  artifactKey: Guid(70eb0b535b6167c48824870212d395ee) Importer(815301076,1909f56bfc062723c751e8b465ee728b)
Start importing Assets/Table/source/model/textures/lambert1_roughness.jpg using Guid(70eb0b535b6167c48824870212d395ee) Importer(815301076,1909f56bfc062723c751e8b465ee728b)  -> (artifact id: 'be3706f6879644baca0e62f2f85d85b2') in 0.017987 seconds 
  Import took 0.022841 seconds .

========================================================================
Received Import Request.
  Time since last request: 0.000293 seconds.
  path: Assets/Table/source/model/textures/lambert1_AO.jpg
  artifactKey: Guid(96828b8e5e86c6c4baa557314d109deb) Importer(815301076,1909f56bfc062723c751e8b465ee728b)
Start importing Assets/Table/source/model/textures/lambert1_AO.jpg using Guid(96828b8e5e86c6c4baa557314d109deb) Importer(815301076,1909f56bfc062723c751e8b465ee728b)  -> (artifact id: 'b519a60ed6bef5dc2b7d82745b322459') in 0.016762 seconds 
  Import took 0.022084 seconds .

========================================================================
Received Import Request.
  Time since last request: 0.000411 seconds.
  path: Assets/Table/source/model/textures/lambert1_metallic.jpg
  artifactKey: Guid(89d06db4c586e554e995facbc5e4529c) Importer(815301076,1909f56bfc062723c751e8b465ee728b)
Start importing Assets/Table/source/model/textures/lambert1_metallic.jpg using Guid(89d06db4c586e554e995facbc5e4529c) Importer(815301076,1909f56bfc062723c751e8b465ee728b)  -> (artifact id: 'e23fc6267309e9f7f3bac946def30735') in 0.012308 seconds 
  Import took 0.017629 seconds .

========================================================================
Received Import Request.
  Time since last request: 33.516088 seconds.
  path: Assets/Table/source/model/textures/1.mat
  artifactKey: Guid(179c50c2d4ab40842b5dfbbc092059a2) Importer(815301076,1909f56bfc062723c751e8b465ee728b)
Start importing Assets/Table/source/model/textures/1.mat using Guid(179c50c2d4ab40842b5dfbbc092059a2) Importer(815301076,1909f56bfc062723c751e8b465ee728b)  -> (artifact id: 'bcf3792a6ad4a53e6d0afed3ab6cb3ff') in 0.022997 seconds 
  Import took 0.027948 seconds .

========================================================================
Received Import Request.
  Time since last request: 56.272446 seconds.
  path: Assets/Table/textures
  artifactKey: Guid(a1dbce4421e9ccb4facbcc7012cf35d8) Importer(815301076,1909f56bfc062723c751e8b465ee728b)
Start importing Assets/Table/textures using Guid(a1dbce4421e9ccb4facbcc7012cf35d8) Importer(815301076,1909f56bfc062723c751e8b465ee728b)  -> (artifact id: 'f73bc382081c671dca344d741fc92429') in 0.004376 seconds 
  Import took 0.009525 seconds .

========================================================================
Received Import Request.
  Time since last request: 0.035265 seconds.
  path: Assets/Table/textures/lambert1_albedo.jpeg
  artifactKey: Guid(c7c1be126bb2a2b4fbe2fd06c11f4739) Importer(815301076,1909f56bfc062723c751e8b465ee728b)
Start importing Assets/Table/textures/lambert1_albedo.jpeg using Guid(c7c1be126bb2a2b4fbe2fd06c11f4739) Importer(815301076,1909f56bfc062723c751e8b465ee728b)  -> (artifact id: 'f297f17eb707c71cc7c37b4db9efeb92') in 0.033718 seconds 
  Import took 0.039661 seconds .

========================================================================
Received Import Request.
  Time since last request: 0.000374 seconds.
  path: Assets/Table/textures/lambert1_roughness.jpeg
  artifactKey: Guid(29cce0606a73fe34188806cae18beb23) Importer(815301076,1909f56bfc062723c751e8b465ee728b)
Start importing Assets/Table/textures/lambert1_roughness.jpeg using Guid(29cce0606a73fe34188806cae18beb23) Importer(815301076,1909f56bfc062723c751e8b465ee728b)  -> (artifact id: 'bee7d7b63cc84aea5cf6e84bd279e38f') in 0.013192 seconds 
  Import took 0.017617 seconds .

========================================================================
Received Import Request.
  Time since last request: 0.000430 seconds.
  path: Assets/Table/textures/lambert1_AO.jpeg
  artifactKey: Guid(2dfd346c6d6405f44821a4392145046c) Importer(815301076,1909f56bfc062723c751e8b465ee728b)
Start importing Assets/Table/textures/lambert1_AO.jpeg using Guid(2dfd346c6d6405f44821a4392145046c) Importer(815301076,1909f56bfc062723c751e8b465ee728b)  -> (artifact id: '359a17c1235b503d1b452946356220c2') in 0.013775 seconds 
  Import took 0.019418 seconds .

========================================================================
Received Import Request.
  Time since last request: 0.000506 seconds.
  path: Assets/Table/textures/lambert1_normal.png
  artifactKey: Guid(244d7706683015741986ccbfd43fc536) Importer(815301076,1909f56bfc062723c751e8b465ee728b)
Start importing Assets/Table/textures/lambert1_normal.png using Guid(244d7706683015741986ccbfd43fc536) Importer(815301076,1909f56bfc062723c751e8b465ee728b)  -> (artifact id: 'ccb21cb91abac98b4e574c6e0404de9a') in 0.014795 seconds 
  Import took 0.020040 seconds .

========================================================================
Received Import Request.
  Time since last request: 0.000360 seconds.
  path: Assets/Table/textures/lambert1_metallic.jpeg
  artifactKey: Guid(c641d510c00a9fd4ea4639a1a72b6e3e) Importer(815301076,1909f56bfc062723c751e8b465ee728b)
Start importing Assets/Table/textures/lambert1_metallic.jpeg using Guid(c641d510c00a9fd4ea4639a1a72b6e3e) Importer(815301076,1909f56bfc062723c751e8b465ee728b)  -> (artifact id: 'fca284d4640e259ffa47c6a7bedc55c6') in 0.015864 seconds 
  Import took 0.020401 seconds .

========================================================================
Received Import Request.
  Time since last request: 14.929305 seconds.
  path: Assets/Table/textures/2.mat
  artifactKey: Guid(5bdf56cfe26fab1469662f9ca82b814b) Importer(815301076,1909f56bfc062723c751e8b465ee728b)
Start importing Assets/Table/textures/2.mat using Guid(5bdf56cfe26fab1469662f9ca82b814b) Importer(815301076,1909f56bfc062723c751e8b465ee728b)  -> (artifact id: 'ae6aec746db33d6c596898f7fff66e1b') in 0.018135 seconds 
  Import took 0.024398 seconds .

========================================================================
Received Import Request.
  Time since last request: 18.629584 seconds.
  path: Assets/Table/source/model/textures/1.mat
  artifactKey: Guid(179c50c2d4ab40842b5dfbbc092059a2) Importer(815301076,1909f56bfc062723c751e8b465ee728b)
Start importing Assets/Table/source/model/textures/1.mat using Guid(179c50c2d4ab40842b5dfbbc092059a2) Importer(815301076,1909f56bfc062723c751e8b465ee728b)  -> (artifact id: '3ef9d0d8af68445ea3bfb8be3925d913') in 0.038925 seconds 
  Import took 0.045482 seconds .

========================================================================
Received Import Request.
  Time since last request: 18.676071 seconds.
  path: Assets/Table/source/model/textures/lambert1_normal.png
  artifactKey: Guid(5a30dc1fe7b72184cbef9e44ebba6b96) Importer(815301076,1909f56bfc062723c751e8b465ee728b)
Start importing Assets/Table/source/model/textures/lambert1_normal.png using Guid(5a30dc1fe7b72184cbef9e44ebba6b96) Importer(815301076,1909f56bfc062723c751e8b465ee728b)  -> (artifact id: 'a53e1b135b676ffa7e04e87a1cc4bf84') in 0.020364 seconds 
  Import took 0.024795 seconds .

========================================================================
Received Prepare
Registering precompiled user dll's ...
Registered in 0.005183 seconds.
Begin MonoManager ReloadAssembly
Native extension for WindowsStandalone target not found
Native extension for OSXStandalone target not found
Refreshing native plugins compatible for Editor in 62.29 ms, found 2 plugins.
Preloading 0 native plugins for Editor in 0.00 ms.
Mono: successfully reloaded assembly
- Completed reload, in  0.955 seconds
Domain Reload Profiling:
	ReloadAssembly (956ms)
		BeginReloadAssembly (158ms)
			ExecutionOrderSort (0ms)
			DisableScriptedObjects (6ms)
			BackupInstance (0ms)
			ReleaseScriptingObjects (0ms)
			CreateAndSetChildDomain (39ms)
		EndReloadAssembly (731ms)
			LoadAssemblies (112ms)
			RebuildTransferFunctionScriptingTraits (0ms)
			SetupTypeCache (228ms)
			ReleaseScriptCaches (2ms)
			RebuildScriptCaches (36ms)
			SetupLoadedEditorAssemblies (245ms)
				LogAssemblyErrors (0ms)
				InitializePlatformSupportModulesInManaged (4ms)
				SetLoadedEditorAssemblies (0ms)
				RefreshPlugins (62ms)
				BeforeProcessingInitializeOnLoad (84ms)
				ProcessInitializeOnLoadAttributes (82ms)
				ProcessInitializeOnLoadMethodAttributes (5ms)
				AfterProcessingInitializeOnLoad (7ms)
				EditorAssembliesLoaded (0ms)
			ExecutionOrderSort2 (0ms)
			AwakeInstancesAfterBackupRestoration (6ms)
Platform modules already initialized, skipping
Refreshing native plugins compatible for Editor in 0.72 ms, found 2 plugins.
Preloading 0 native plugins for Editor in 0.00 ms.
Unloading 3378 Unused Serialized files (Serialized files now loaded: 0)
System memory in use before: 147.8 MB.
System memory in use after: 143.8 MB.

Unloading 112 unused Assets to reduce memory usage. Loaded Objects now: 3877.
Total: 7.264200 ms (FindLiveObjects: 0.540100 ms CreateObjectMapping: 0.161100 ms MarkObjects: 3.196000 ms  DeleteObjects: 3.364700 ms)

AssetImportParameters requested are different than current active one (requested -> active):
  custom:framework-win-MediaFoundation: 216162199b28c13a410421893ffa2e32 -> 
  custom:video-decoder-ogg-theora: a1e56fd34408186e4bbccfd4996cb3dc -> 
  custom:container-muxer-webm: aa71ff27fc2769a1b78a27578f13a17b -> 
  custom:container-demuxer-webm: 4f35f7cbe854078d1ac9338744f61a02 -> 
  custom:container-demuxer-ogg: 62fdf1f143b41e24485cea50d1cbac27 -> 
  custom:srp/default-shader: 0000e00a000e0de00000e000e0000000 -> 00a0da0d000000000000000000000000
  custom:video-encoder-webm-vp8: eb34c28f22e8b96e1ab97ce403110664 -> 
  custom:video-codec-MediaFoundation-h265: 746d11721c4dcdbdad8f713fa42b33f4 -> 
  custom:video-decoder-webm-vp8: 9c59270c3fd7afecdb556c50c9e8de78 -> 
  custom:audio-decoder-ogg-vorbis: bf7c407c2cedff20999df2af8eb42d56 -> 
  custom:audio-encoder-webm-vorbis: bf7c407c2cedff20999df2af8eb42d56 -> 
========================================================================
Received Prepare
Registering precompiled user dll's ...
Registered in 0.004815 seconds.
Begin MonoManager ReloadAssembly
Native extension for WindowsStandalone target not found
Native extension for OSXStandalone target not found
Refreshing native plugins compatible for Editor in 0.61 ms, found 2 plugins.
Preloading 0 native plugins for Editor in 0.00 ms.
Mono: successfully reloaded assembly
- Completed reload, in  0.850 seconds
Domain Reload Profiling:
	ReloadAssembly (851ms)
		BeginReloadAssembly (124ms)
			ExecutionOrderSort (0ms)
			DisableScriptedObjects (4ms)
			BackupInstance (0ms)
			ReleaseScriptingObjects (0ms)
			CreateAndSetChildDomain (24ms)
		EndReloadAssembly (663ms)
			LoadAssemblies (108ms)
			RebuildTransferFunctionScriptingTraits (0ms)
			SetupTypeCache (251ms)
			ReleaseScriptCaches (1ms)
			RebuildScriptCaches (32ms)
			SetupLoadedEditorAssemblies (197ms)
				LogAssemblyErrors (0ms)
				InitializePlatformSupportModulesInManaged (4ms)
				SetLoadedEditorAssemblies (0ms)
				RefreshPlugins (1ms)
				BeforeProcessingInitializeOnLoad (104ms)
				ProcessInitializeOnLoadAttributes (75ms)
				ProcessInitializeOnLoadMethodAttributes (5ms)
				AfterProcessingInitializeOnLoad (7ms)
				EditorAssembliesLoaded (0ms)
			ExecutionOrderSort2 (0ms)
			AwakeInstancesAfterBackupRestoration (7ms)
Platform modules already initialized, skipping
Refreshing native plugins compatible for Editor in 0.68 ms, found 2 plugins.
Preloading 0 native plugins for Editor in 0.00 ms.
Unloading 3397 Unused Serialized files (Serialized files now loaded: 0)
System memory in use before: 149.7 MB.
System memory in use after: 145.8 MB.

Unloading 65 unused Assets to reduce memory usage. Loaded Objects now: 3877.
Total: 5.926000 ms (FindLiveObjects: 0.469800 ms CreateObjectMapping: 0.092300 ms MarkObjects: 2.854400 ms  DeleteObjects: 2.507700 ms)

AssetImportParameters requested are different than current active one (requested -> active):
  custom:framework-win-MediaFoundation: 216162199b28c13a410421893ffa2e32 -> 
  custom:video-decoder-ogg-theora: a1e56fd34408186e4bbccfd4996cb3dc -> 
  custom:container-muxer-webm: aa71ff27fc2769a1b78a27578f13a17b -> 
  custom:container-demuxer-webm: 4f35f7cbe854078d1ac9338744f61a02 -> 
  custom:container-demuxer-ogg: 62fdf1f143b41e24485cea50d1cbac27 -> 
  custom:srp/default-shader: 0000e00a000e0de00000e000e0000000 -> 00a0da0d000000000000000000000000
  custom:video-encoder-webm-vp8: eb34c28f22e8b96e1ab97ce403110664 -> 
  custom:video-codec-MediaFoundation-h265: 746d11721c4dcdbdad8f713fa42b33f4 -> 
  custom:video-decoder-webm-vp8: 9c59270c3fd7afecdb556c50c9e8de78 -> 
  custom:audio-decoder-ogg-vorbis: bf7c407c2cedff20999df2af8eb42d56 -> 
  custom:audio-encoder-webm-vorbis: bf7c407c2cedff20999df2af8eb42d56 -> 
AssetImportWorkerClient::OnTransportError - code=2 error=End of file
